<?xml version="1.0" encoding="UTF-8"?>
<!-- Generated by org.testng.reporters.JUnitReportReporter -->
<testsuite hostname="DESKTOP-ND0CFFJ" failures="0" tests="1" name="utilities.ListenersDemo_Reports" time="5.568" errors="0" timestamp="2024-02-12T19:28:08 IST" skipped="0">
  <testcase classname="utilities.ListenersDemo_Reports" name="LoginFailTest" time="5.568"/>
  <system-out/>
</testsuite> <!-- utilities.ListenersDemo_Reports -->
