<?xml version="1.0" encoding="UTF-8"?>
<!-- Generated by org.testng.reporters.JUnitReportReporter -->
<testsuite hostname="DESKTOP-ND0CFFJ" failures="0" tests="2" name="tests.RegisterTestGrid_1" time="6.948" errors="0" timestamp="2024-02-12T22:26:54 IST" skipped="0">
  <testcase classname="tests.RegisterTestGrid_1" name="setUp" time="3.240"/>
  <system-out/>
  <testcase classname="tests.RegisterTestGrid_1" name="testRegistration" time="3.708"/>
  <system-out/>
</testsuite> <!-- tests.RegisterTestGrid_1 -->
