<?xml version="1.0" encoding="UTF-8"?>
<!-- Generated by org.testng.reporters.JUnitReportReporter -->
<testsuite hostname="DESKTOP-ND0CFFJ" failures="0" tests="1" name="tests.MyTest" time="0.000" errors="0" timestamp="2024-02-08T21:51:48 IST" skipped="1">
  <testcase classname="tests.MyTest" name="testWithData" time="0.000">
    <skipped/>
  </testcase> <!-- testWithData -->
  <system-out/>
</testsuite> <!-- tests.MyTest -->
