<?xml version="1.0" encoding="UTF-8"?>
<!-- Generated by org.testng.reporters.JUnitReportReporter -->
<testsuite hostname="DESKTOP-ND0CFFJ" failures="0" tests="1" name="pages.LoginTest" time="10.633" errors="0" timestamp="2024-02-09T10:29:44 IST" skipped="0">
  <testcase classname="pages.LoginTest" name="testLogin" time="10.633"/>
  <system-out/>
</testsuite> <!-- pages.LoginTest -->
