<?xml version="1.0" encoding="UTF-8"?>
<!-- Generated by org.testng.reporters.JUnitReportReporter -->
<testsuite hostname="DESKTOP-ND0CFFJ" failures="0" tests="1" name="utilities.ExcelDataProvider" time="0.000" errors="0" timestamp="2024-02-12T12:23:31 IST" skipped="1">
  <testcase classname="utilities.ExcelDataProvider" name="test1" time="0.000">
    <skipped/>
  </testcase> <!-- test1 -->
  <system-out/>
</testsuite> <!-- utilities.ExcelDataProvider -->
